[debug] [2023-02-09T06:36:38.916Z] ----------------------------------------------------------------------
[debug] [2023-02-09T06:36:38.917Z] Command:       /usr/local/bin/node /usr/local/bin/firebase init
[debug] [2023-02-09T06:36:38.918Z] CLI Version:   11.22.0
[debug] [2023-02-09T06:36:38.918Z] Platform:      linux
[debug] [2023-02-09T06:36:38.918Z] Node Version:  v16.17.1
[debug] [2023-02-09T06:36:38.920Z] Time:          Thu Feb 09 2023 01:36:38 GMT-0500 (Eastern Standard Time)
[debug] [2023-02-09T06:36:38.920Z] ----------------------------------------------------------------------
[debug] 
[debug] [2023-02-09T06:36:38.925Z] > command requires scopes: ["email","openid","https://www.googleapis.com/auth/cloudplatformprojects.readonly","https://www.googleapis.com/auth/firebase","https://www.googleapis.com/auth/cloud-platform"]
[debug] [2023-02-09T06:36:38.925Z] > authorizing via signed-in user (krishmehta9843@gmail.com)
[info] 
     ######## #### ########  ######## ########     ###     ######  ########
     ##        ##  ##     ## ##       ##     ##  ##   ##  ##       ##
     ######    ##  ########  ######   ########  #########  ######  ######
     ##        ##  ##    ##  ##       ##     ## ##     ##       ## ##
     ##       #### ##     ## ######## ########  ##     ##  ######  ########

You're about to initialize a Firebase project in this directory:

  /home/djkesu/Desktop/Projects/sl-marketplace

[info] 
=== Project Setup
[info] 
[info] First, let's associate this project directory with a Firebase project.
[info] You can create multiple project aliases by running firebase use --add, 
[info] but for now we'll just set up a default project.
[info] 
[debug] [2023-02-09T06:36:51.748Z] >>> [apiv2][query] GET https://firebase.googleapis.com/v1beta1/projects pageSize=100
[debug] [2023-02-09T06:36:52.306Z] <<< [apiv2][status] GET https://firebase.googleapis.com/v1beta1/projects 200
[debug] [2023-02-09T06:36:52.306Z] <<< [apiv2][body] GET https://firebase.googleapis.com/v1beta1/projects [omitted]
[info] i  Using project sl-marketplace-e9c43 (sl-marketplace) 
[info] 
=== Database Setup
[info] i  database: ensuring required API firebasedatabase.googleapis.com is enabled... 
[debug] [2023-02-09T06:36:53.825Z] >>> [apiv2][query] GET https://serviceusage.googleapis.com/v1/projects/sl-marketplace-e9c43/services/firebasedatabase.googleapis.com [none]
[debug] [2023-02-09T06:36:53.825Z] >>> [apiv2][(partial)header] GET https://serviceusage.googleapis.com/v1/projects/sl-marketplace-e9c43/services/firebasedatabase.googleapis.com x-goog-quota-user=projects/sl-marketplace-e9c43
[debug] [2023-02-09T06:36:54.191Z] <<< [apiv2][status] GET https://serviceusage.googleapis.com/v1/projects/sl-marketplace-e9c43/services/firebasedatabase.googleapis.com 200
[debug] [2023-02-09T06:36:54.191Z] <<< [apiv2][body] GET https://serviceusage.googleapis.com/v1/projects/sl-marketplace-e9c43/services/firebasedatabase.googleapis.com [omitted]
[info] ✔  database: required API firebasedatabase.googleapis.com is enabled 
[info] 
[debug] [2023-02-09T06:36:54.194Z] >>> [apiv2][query] GET https://firebasedatabase.googleapis.com/v1beta/projects/sl-marketplace-e9c43/locations/-/instances/sl-marketplace-e9c43-default-rtdb [none]
[debug] [2023-02-09T06:36:54.554Z] <<< [apiv2][status] GET https://firebasedatabase.googleapis.com/v1beta/projects/sl-marketplace-e9c43/locations/-/instances/sl-marketplace-e9c43-default-rtdb 200
[debug] [2023-02-09T06:36:54.554Z] <<< [apiv2][body] GET https://firebasedatabase.googleapis.com/v1beta/projects/sl-marketplace-e9c43/locations/-/instances/sl-marketplace-e9c43-default-rtdb {"name":"projects/944756687724/locations/us-central1/instances/sl-marketplace-e9c43-default-rtdb","project":"projects/944756687724","databaseUrl":"https://sl-marketplace-e9c43-default-rtdb.firebaseio.com","type":"DEFAULT_DATABASE","state":"ACTIVE"}
[info] 
[info] Firebase Realtime Database Security Rules allow you to define how your data should be
[info] structured and when your data can be read from and written to.
[info] 
[debug] [2023-02-09T06:37:01.153Z] >>> [apiv2][query] GET https://sl-marketplace-e9c43-default-rtdb.firebaseio.com/.settings/rules.json [none]
[debug] [2023-02-09T06:37:01.260Z] <<< [apiv2][status] GET https://sl-marketplace-e9c43-default-rtdb.firebaseio.com/.settings/rules.json 200
[debug] [2023-02-09T06:37:01.260Z] <<< [apiv2][body] GET https://sl-marketplace-e9c43-default-rtdb.firebaseio.com/.settings/rules.json [stream]
[info] ✔  Database Rules for sl-marketplace-e9c43-default-rtdb have been written to database.rules.json. 
[info] Future modifications to database.rules.json will update Realtime Database Security Rules when you run
[info] firebase deploy.
[info] 
=== Firestore Setup
[debug] [2023-02-09T06:37:01.262Z] >>> [apiv2][query] GET https://serviceusage.googleapis.com/v1/projects/sl-marketplace-e9c43/services/firestore.googleapis.com [none]
[debug] [2023-02-09T06:37:01.262Z] >>> [apiv2][(partial)header] GET https://serviceusage.googleapis.com/v1/projects/sl-marketplace-e9c43/services/firestore.googleapis.com x-goog-quota-user=projects/sl-marketplace-e9c43
[debug] [2023-02-09T06:37:01.557Z] <<< [apiv2][status] GET https://serviceusage.googleapis.com/v1/projects/sl-marketplace-e9c43/services/firestore.googleapis.com 200
[debug] [2023-02-09T06:37:01.557Z] <<< [apiv2][body] GET https://serviceusage.googleapis.com/v1/projects/sl-marketplace-e9c43/services/firestore.googleapis.com [omitted]
[debug] [2023-02-09T06:37:01.558Z] >>> [apiv2][query] GET https://firestore.googleapis.com/v1/projects/sl-marketplace-e9c43/databases/(default) [none]
[debug] [2023-02-09T06:37:03.362Z] <<< [apiv2][status] GET https://firestore.googleapis.com/v1/projects/sl-marketplace-e9c43/databases/(default) 200
[debug] [2023-02-09T06:37:03.362Z] <<< [apiv2][body] GET https://firestore.googleapis.com/v1/projects/sl-marketplace-e9c43/databases/(default) {"name":"projects/sl-marketplace-e9c43/databases/(default)","uid":"36a2e5f1-b94c-4c06-8abd-77b68bcde88a","createTime":"2023-02-09T06:35:52.752166Z","updateTime":"2023-02-09T06:35:52.752166Z","locationId":"asia-south1","type":"FIRESTORE_NATIVE","concurrencyMode":"PESSIMISTIC","appEngineIntegrationMode":"DISABLED","keyPrefix":"j","etag":"IJfx697ph/0CMKa4jL3ph/0C"}
[debug] [2023-02-09T06:37:03.362Z] database_type: FIRESTORE_NATIVE
[debug] [2023-02-09T06:37:03.363Z] > command requires scopes: ["email","openid","https://www.googleapis.com/auth/cloudplatformprojects.readonly","https://www.googleapis.com/auth/firebase","https://www.googleapis.com/auth/cloud-platform"]
[debug] [2023-02-09T06:37:03.364Z] > authorizing via signed-in user (krishmehta9843@gmail.com)
[debug] [2023-02-09T06:37:03.364Z] [iam] checking project sl-marketplace-e9c43 for permissions ["firebase.projects.get"]
[debug] [2023-02-09T06:37:03.366Z] >>> [apiv2][query] POST https://cloudresourcemanager.googleapis.com/v1/projects/sl-marketplace-e9c43:testIamPermissions [none]
[debug] [2023-02-09T06:37:03.366Z] >>> [apiv2][(partial)header] POST https://cloudresourcemanager.googleapis.com/v1/projects/sl-marketplace-e9c43:testIamPermissions x-goog-quota-user=projects/sl-marketplace-e9c43
[debug] [2023-02-09T06:37:03.366Z] >>> [apiv2][body] POST https://cloudresourcemanager.googleapis.com/v1/projects/sl-marketplace-e9c43:testIamPermissions {"permissions":["firebase.projects.get"]}
[debug] [2023-02-09T06:37:03.620Z] <<< [apiv2][status] POST https://cloudresourcemanager.googleapis.com/v1/projects/sl-marketplace-e9c43:testIamPermissions 200
[debug] [2023-02-09T06:37:03.621Z] <<< [apiv2][body] POST https://cloudresourcemanager.googleapis.com/v1/projects/sl-marketplace-e9c43:testIamPermissions {"permissions":["firebase.projects.get"]}
[info] 
[info] Firestore Security Rules allow you to define how and when to allow
[info] requests. You can keep these rules in your project directory
[info] and publish them with firebase deploy.
[info] 
[debug] [2023-02-09T06:37:07.596Z] >>> [apiv2][query] GET https://firebaserules.googleapis.com/v1/projects/sl-marketplace-e9c43/releases pageSize=10&pageToken=
[debug] [2023-02-09T06:37:07.918Z] <<< [apiv2][status] GET https://firebaserules.googleapis.com/v1/projects/sl-marketplace-e9c43/releases 200
[debug] [2023-02-09T06:37:07.918Z] <<< [apiv2][body] GET https://firebaserules.googleapis.com/v1/projects/sl-marketplace-e9c43/releases {"releases":[{"name":"projects/sl-marketplace-e9c43/releases/cloud.firestore","rulesetName":"projects/sl-marketplace-e9c43/rulesets/fff85682-8a12-41b3-a2ef-dbf087a9ad6a","createTime":"2023-02-09T06:35:58.032001Z","updateTime":"2023-02-09T06:35:58.032001Z"}]}
[debug] [2023-02-09T06:37:07.919Z] Found ruleset: projects/sl-marketplace-e9c43/rulesets/fff85682-8a12-41b3-a2ef-dbf087a9ad6a
[debug] [2023-02-09T06:37:07.920Z] >>> [apiv2][query] GET https://firebaserules.googleapis.com/v1/projects/sl-marketplace-e9c43/rulesets/fff85682-8a12-41b3-a2ef-dbf087a9ad6a [none]
[debug] [2023-02-09T06:37:08.139Z] <<< [apiv2][status] GET https://firebaserules.googleapis.com/v1/projects/sl-marketplace-e9c43/rulesets/fff85682-8a12-41b3-a2ef-dbf087a9ad6a 200
[debug] [2023-02-09T06:37:08.140Z] <<< [apiv2][body] GET https://firebaserules.googleapis.com/v1/projects/sl-marketplace-e9c43/rulesets/fff85682-8a12-41b3-a2ef-dbf087a9ad6a [omitted]
[info] 
[info] Firestore indexes allow you to perform complex queries while
[info] maintaining performance that scales with the size of the result
[info] set. You can keep index definitions in your project directory
[info] and publish them with firebase deploy.
[info] 
[debug] [2023-02-09T06:37:09.795Z] >>> [apiv2][query] GET https://firestore.googleapis.com/v1/projects/sl-marketplace-e9c43/databases/(default)/collectionGroups/-/indexes [none]
[debug] [2023-02-09T06:37:09.797Z] >>> [apiv2][query] GET https://firestore.googleapis.com/v1/projects/sl-marketplace-e9c43/databases/(default)/collectionGroups/-/fields?filter=indexConfig.usesAncestorConfig=false OR ttlConfig:* [none]
[debug] [2023-02-09T06:37:11.601Z] <<< [apiv2][status] GET https://firestore.googleapis.com/v1/projects/sl-marketplace-e9c43/databases/(default)/collectionGroups/-/indexes 200
[debug] [2023-02-09T06:37:11.601Z] <<< [apiv2][body] GET https://firestore.googleapis.com/v1/projects/sl-marketplace-e9c43/databases/(default)/collectionGroups/-/indexes {}
[debug] [2023-02-09T06:37:11.808Z] <<< [apiv2][status] GET https://firestore.googleapis.com/v1/projects/sl-marketplace-e9c43/databases/(default)/collectionGroups/-/fields?filter=indexConfig.usesAncestorConfig=false OR ttlConfig:* 200
[debug] [2023-02-09T06:37:11.808Z] <<< [apiv2][body] GET https://firestore.googleapis.com/v1/projects/sl-marketplace-e9c43/databases/(default)/collectionGroups/-/fields?filter=indexConfig.usesAncestorConfig=false OR ttlConfig:* {"fields":[{"name":"projects/sl-marketplace-e9c43/databases/(default)/collectionGroups/__default__/fields/*","indexConfig":{"indexes":[{"queryScope":"COLLECTION","fields":[{"fieldPath":"*","order":"ASCENDING"}],"state":"READY"},{"queryScope":"COLLECTION","fields":[{"fieldPath":"*","order":"DESCENDING"}],"state":"READY"},{"queryScope":"COLLECTION","fields":[{"fieldPath":"*","arrayConfig":"CONTAINS"}],"state":"READY"}]}}]}
[info] 
=== Functions Setup
[debug] [2023-02-09T06:37:11.812Z] > command requires scopes: ["email","openid","https://www.googleapis.com/auth/cloudplatformprojects.readonly","https://www.googleapis.com/auth/firebase","https://www.googleapis.com/auth/cloud-platform"]
[debug] [2023-02-09T06:37:11.813Z] > authorizing via signed-in user (krishmehta9843@gmail.com)
[debug] [2023-02-09T06:37:11.813Z] [iam] checking project sl-marketplace-e9c43 for permissions ["firebase.projects.get"]
[debug] [2023-02-09T06:37:11.813Z] >>> [apiv2][query] POST https://cloudresourcemanager.googleapis.com/v1/projects/sl-marketplace-e9c43:testIamPermissions [none]
[debug] [2023-02-09T06:37:11.813Z] >>> [apiv2][(partial)header] POST https://cloudresourcemanager.googleapis.com/v1/projects/sl-marketplace-e9c43:testIamPermissions x-goog-quota-user=projects/sl-marketplace-e9c43
[debug] [2023-02-09T06:37:11.814Z] >>> [apiv2][body] POST https://cloudresourcemanager.googleapis.com/v1/projects/sl-marketplace-e9c43:testIamPermissions {"permissions":["firebase.projects.get"]}
[debug] [2023-02-09T06:37:12.115Z] <<< [apiv2][status] POST https://cloudresourcemanager.googleapis.com/v1/projects/sl-marketplace-e9c43:testIamPermissions 200
[debug] [2023-02-09T06:37:12.116Z] <<< [apiv2][body] POST https://cloudresourcemanager.googleapis.com/v1/projects/sl-marketplace-e9c43:testIamPermissions {"permissions":["firebase.projects.get"]}
[debug] [2023-02-09T06:37:12.116Z] >>> [apiv2][query] GET https://serviceusage.googleapis.com/v1/projects/sl-marketplace-e9c43/services/cloudfunctions.googleapis.com [none]
[debug] [2023-02-09T06:37:12.117Z] >>> [apiv2][(partial)header] GET https://serviceusage.googleapis.com/v1/projects/sl-marketplace-e9c43/services/cloudfunctions.googleapis.com x-goog-quota-user=projects/sl-marketplace-e9c43
[debug] [2023-02-09T06:37:12.119Z] >>> [apiv2][query] GET https://serviceusage.googleapis.com/v1/projects/sl-marketplace-e9c43/services/runtimeconfig.googleapis.com [none]
[debug] [2023-02-09T06:37:12.120Z] >>> [apiv2][(partial)header] GET https://serviceusage.googleapis.com/v1/projects/sl-marketplace-e9c43/services/runtimeconfig.googleapis.com x-goog-quota-user=projects/sl-marketplace-e9c43
[debug] [2023-02-09T06:37:12.425Z] <<< [apiv2][status] GET https://serviceusage.googleapis.com/v1/projects/sl-marketplace-e9c43/services/cloudfunctions.googleapis.com 200
[debug] [2023-02-09T06:37:12.425Z] <<< [apiv2][body] GET https://serviceusage.googleapis.com/v1/projects/sl-marketplace-e9c43/services/cloudfunctions.googleapis.com [omitted]
[debug] [2023-02-09T06:37:12.427Z] >>> [apiv2][query] POST https://serviceusage.googleapis.com/v1/projects/sl-marketplace-e9c43/services/cloudfunctions.googleapis.com:enable [none]
[debug] [2023-02-09T06:37:12.427Z] >>> [apiv2][(partial)header] POST https://serviceusage.googleapis.com/v1/projects/sl-marketplace-e9c43/services/cloudfunctions.googleapis.com:enable x-goog-quota-user=projects/sl-marketplace-e9c43
[debug] [2023-02-09T06:37:12.436Z] <<< [apiv2][status] GET https://serviceusage.googleapis.com/v1/projects/sl-marketplace-e9c43/services/runtimeconfig.googleapis.com 200
[debug] [2023-02-09T06:37:12.437Z] <<< [apiv2][body] GET https://serviceusage.googleapis.com/v1/projects/sl-marketplace-e9c43/services/runtimeconfig.googleapis.com [omitted]
[debug] [2023-02-09T06:37:13.035Z] <<< [apiv2][status] POST https://serviceusage.googleapis.com/v1/projects/sl-marketplace-e9c43/services/cloudfunctions.googleapis.com:enable 200
[debug] [2023-02-09T06:37:13.036Z] <<< [apiv2][body] POST https://serviceusage.googleapis.com/v1/projects/sl-marketplace-e9c43/services/cloudfunctions.googleapis.com:enable [omitted]
[debug] [2023-02-09T06:37:23.048Z] >>> [apiv2][query] GET https://serviceusage.googleapis.com/v1/projects/sl-marketplace-e9c43/services/cloudfunctions.googleapis.com [none]
[debug] [2023-02-09T06:37:23.049Z] >>> [apiv2][(partial)header] GET https://serviceusage.googleapis.com/v1/projects/sl-marketplace-e9c43/services/cloudfunctions.googleapis.com x-goog-quota-user=projects/sl-marketplace-e9c43
[debug] [2023-02-09T06:37:23.361Z] <<< [apiv2][status] GET https://serviceusage.googleapis.com/v1/projects/sl-marketplace-e9c43/services/cloudfunctions.googleapis.com 200
[debug] [2023-02-09T06:37:23.361Z] <<< [apiv2][body] GET https://serviceusage.googleapis.com/v1/projects/sl-marketplace-e9c43/services/cloudfunctions.googleapis.com [omitted]
[info] Let's create a new codebase for your functions.
[info] A directory corresponding to the codebase will be created in your project
[info] with sample code pre-configured.

[info] See https://firebase.google.com/docs/functions/organize-functions for
[info] more information on organizing your functions using codebases.

[info] Functions can be deployed with firebase deploy.

[info] ✔  Wrote functions/package.json 
[info] ✔  Wrote functions/.eslintrc.js 
[info] ✔  Wrote functions/tsconfig.json 
[info] ✔  Wrote functions/tsconfig.dev.json 
[info] ✔  Wrote functions/src/index.ts 
[info] ✔  Wrote functions/.gitignore 
[info] 
=== Hosting Setup
[info] 
[info] Your public directory is the folder (relative to your project directory) that
[info] will contain Hosting assets to be uploaded with firebase deploy. If you
[info] have a build process for your assets, use your build's output directory.
[info] 
[debug] [2023-02-09T06:38:22.791Z] >>> [apiv2][query] GET https://www.gstatic.com/firebasejs/releases.json [none]
[debug] [2023-02-09T06:38:22.869Z] <<< [apiv2][status] GET https://www.gstatic.com/firebasejs/releases.json 200
[debug] [2023-02-09T06:38:22.870Z] <<< [apiv2][body] GET https://www.gstatic.com/firebasejs/releases.json {"current":{"version":"9.17.1","browserURL":"https://www.gstatic.com/firebasejs/9.17.1/firebase.js","packageURL":"https://www.gstatic.com/firebasejs/9.17.1/firebase.tgz"},"live":{"version":"9.17","browserURL":"https://www.gstatic.com/firebasejs/live/9.17/firebase.js","packageURL":"https://www.gstatic.com/firebasejs/live/9.17/firebase.tgz"},"components":{"analytics":"https://www.gstatic.com/firebasejs/9.17.1/firebase-analytics.js","app":"https://www.gstatic.com/firebasejs/9.17.1/firebase-app.js","app-check":"https://www.gstatic.com/firebasejs/9.17.1/firebase-app-check.js","auth":"https://www.gstatic.com/firebasejs/9.17.1/firebase-auth.js","auth/cordova":"https://www.gstatic.com/firebasejs/9.17.1/firebase-auth/cordova.js","auth/react-native":"https://www.gstatic.com/firebasejs/9.17.1/firebase-auth/react-native.js","functions":"https://www.gstatic.com/firebasejs/9.17.1/firebase-functions.js","firestore":"https://www.gstatic.com/firebasejs/9.17.1/firebase-firestore.js","firestore/lite":"https://www.gstatic.com/firebasejs/9.17.1/firebase-firestore/lite.js","installations":"https://www.gstatic.com/firebasejs/9.17.1/firebase-installations.js","storage":"https://www.gstatic.com/firebasejs/9.17.1/firebase-storage.js","performance":"https://www.gstatic.com/firebasejs/9.17.1/firebase-performance.js","remote-config":"https://www.gstatic.com/firebasejs/9.17.1/firebase-remote-config.js","messaging":"https://www.gstatic.com/firebasejs/9.17.1/firebase-messaging.js","messaging/sw":"https://www.gstatic.com/firebasejs/9.17.1/firebase-messaging/sw.js","database":"https://www.gstatic.com/firebasejs/9.17.1/firebase-database.js","firestore.memory":"https://www.gstatic.com/firebasejs/9.17.1/firebase-firestore.memory.js"}}
[info] ✔  Wrote public/index.html 
[info] 
[info] i  Detected a .git folder at /home/djkesu/Desktop/Projects/sl-marketplace 
[info] i  Authorizing with GitHub to upload your service account to a GitHub repository's secrets store. 
[info] 
[info] Visit this URL on this device to log in:
[info] https://github.com/login/oauth/authorize?client_id=89cf50f02ac6aaed3484&state=534059370&redirect_uri=http%3A%2F%2Flocalhost%3A9005&scope=read%3Auser%20repo%20public_repo
[info] 
[info] Waiting for authentication...
[debug] [2023-02-09T06:38:42.334Z] >>> [apiv2][query] POST https://github.com/login/oauth/access_token [none]
[debug] [2023-02-09T06:38:42.334Z] >>> [apiv2][body] POST https://github.com/login/oauth/access_token [stream]
[debug] [2023-02-09T06:38:42.529Z] <<< [apiv2][status] POST https://github.com/login/oauth/access_token 200
[debug] [2023-02-09T06:38:42.529Z] <<< [apiv2][body] POST https://github.com/login/oauth/access_token {"access_token":"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","token_type":"bearer","scope":"read:user,repo"}
[debug] [2023-02-09T06:38:42.538Z] >>> [apiv2][query] GET https://api.github.com/user [none]
[debug] [2023-02-09T06:38:42.721Z] <<< [apiv2][status] GET https://api.github.com/user 200
[debug] [2023-02-09T06:38:42.721Z] <<< [apiv2][body] GET https://api.github.com/user {"login":"DjKesu","id":66878328,"node_id":"MDQ6VXNlcjY2ODc4MzI4","avatar_url":"https://avatars.githubusercontent.com/u/66878328?v=4","gravatar_id":"","url":"https://api.github.com/users/DjKesu","html_url":"https://github.com/DjKesu","followers_url":"https://api.github.com/users/DjKesu/followers","following_url":"https://api.github.com/users/DjKesu/following{/other_user}","gists_url":"https://api.github.com/users/DjKesu/gists{/gist_id}","starred_url":"https://api.github.com/users/DjKesu/starred{/owner}{/repo}","subscriptions_url":"https://api.github.com/users/DjKesu/subscriptions","organizations_url":"https://api.github.com/users/DjKesu/orgs","repos_url":"https://api.github.com/users/DjKesu/repos","events_url":"https://api.github.com/users/DjKesu/events{/privacy}","received_events_url":"https://api.github.com/users/DjKesu/received_events","type":"User","site_admin":false,"name":"Krish Mehta","company":null,"blog":"","location":null,"email":null,"hireable":null,"bio":"Software Engineering @ University of Waterloo\r\nBlockchain, web3, web3.0\r\nAnything exciting that could change how we see our current world","twitter_username":null,"public_repos":11,"public_gists":1,"followers":15,"following":3,"created_at":"2020-06-13T15:27:38Z","updated_at":"2023-01-26T13:15:12Z","private_gists":0,"total_private_repos":3,"owned_private_repos":3,"disk_usage":15521,"collaborators":1,"two_factor_authentication":false,"plan":{"name":"pro","space":976562499,"collaborators":0,"private_repos":9999}}
[info] 
[info] ✔  Success! Logged into GitHub as DjKesu 
[info] 
